<?xml version="1.0" encoding="UTF-8"?>
<testsuite name="Spek" tests="2" skipped="0" failures="0" errors="0" time="3.024" hostname="Emilys-MacBook-Pro.local" timestamp="2019-06-03T16:02:59">
<properties>
[...]
</properties>
<testcase name="it should return Hello Victor!" classname="given queryParameter name=Victor" time="1.837">
<system-out><![CDATA[
unique-id: [engine:spek]/[spec:starter.kotlin.AppTest]/[group:describe Get %2F]/[group:given queryParameter name=Victor]/[test:it should return Hello Victor!]
display-name: it should return Hello Victor!
]]></system-out>
</testcase>
<testcase name="it should return Kotlin as the default name" classname="given no queryParameter" time="0.024">
<system-out><![CDATA[
unique-id: [engine:spek]/[spec:starter.kotlin.AppTest]/[group:describe Get %2F]/[group:given no queryParameter]/[test:it should return Kotlin as the default name]
display-name: it should return Kotlin as the default name
]]></system-out>
</testcase>
<system-out><![CDATA[
unique-id: [engine:spek]
display-name: Spek
]]></system-out>
</testsuite>
